2022-07-22 09:18:06,046 :: Loading tasks into the list....
2022-07-22 09:18:18,596 :: Either entered a string character or a comma. Trying again....
2022-07-22 09:18:34,917 :: Either entered a string character or a comma. Trying again....
2022-07-22 09:22:51,768 :: Loading tasks into the list....
2022-07-22 09:22:54,095 :: Saving Task to toDo_Items.csv
2022-07-22 09:22:57,666 :: Loading tasks into the list....
2022-07-22 09:23:04,738 :: trying again
2022-07-22 09:25:20,795 :: Loading tasks into the list....
2022-07-22 09:25:25,484 :: trying again
2022-07-22 09:27:07,739 :: Loading tasks into the list....
2022-07-22 09:27:15,082 :: Either entered a string character or a comma. Trying again....
2022-07-22 09:27:23,743 :: Either entered a string character or a comma. Trying again....
2022-07-22 09:27:35,481 :: Either entered a string character or a comma. Trying again....
2022-07-22 09:28:46,555 :: Either entered a string character or a comma. Trying again....
2022-07-22 09:29:20,973 :: Loading tasks into the list....
2022-07-22 09:29:38,941 :: Either entered a string character or a comma. Trying again....
2022-07-22 09:31:28,877 :: Either entered a string character or a comma. Trying again....
2022-07-22 09:31:59,814 :: Loading tasks into the list....
2022-07-22 09:32:04,811 :: Saving Task to toDo_Items.csv
2022-07-22 09:32:07,054 :: Loading tasks into the list....
2022-07-22 09:33:54,313 :: Loading tasks into the list....
2022-07-22 09:33:59,647 :: trying again
2022-07-22 09:34:48,211 :: Loading tasks into the list....
2022-07-22 09:35:10,467 :: Either entered a string character or a comma. Trying again....
2022-07-22 09:37:27,893 :: Either entered a string character or a comma. Trying again....
2022-07-22 09:37:27,940 :: Either entered a string character or a comma. Trying again....
2022-07-22 09:37:34,398 :: Loading tasks into the list....
2022-07-22 09:37:40,921 :: trying again
2022-07-22 09:37:55,680 :: Either entered a string character or a comma. Trying again....
2022-07-22 09:39:56,849 :: Loading tasks into the list....
2022-07-22 09:42:49,816 :: Loading tasks into the list....
2022-07-22 09:45:26,767 :: Loading tasks into the list....
2022-07-22 09:45:32,539 :: trying again
2022-07-22 09:45:38,833 :: Either entered a string character or a comma. Trying again....
2022-07-22 09:45:51,796 :: Inserted new task!
2022-07-22 09:48:55,867 :: Loading tasks into the list....
2022-07-22 09:49:35,098 :: trying again
2022-07-22 09:49:49,375 :: Inserted new task!
2022-07-22 09:53:07,965 :: Loading tasks into the list....
2022-07-22 09:53:19,301 :: trying again
2022-07-22 09:53:40,075 :: Inserted new task!
2022-07-22 09:56:33,857 :: Loading tasks into the list....
2022-07-22 09:56:36,233 :: Saving Task to toDo_Items.csv
2022-07-22 09:56:37,847 :: Loading tasks into the list....
2022-07-22 09:56:53,049 :: Inserted new task!
2022-07-22 09:59:57,857 :: Loading tasks into the list....
2022-07-22 10:01:56,308 :: Loading tasks into the list....
2022-07-22 10:11:03,597 :: trying again
2022-07-22 10:11:15,057 :: Either entered a string character or a comma. Trying again....
2022-07-22 10:11:25,365 :: Inserted new task!
2022-07-25 18:37:42,897 :: Loading tasks into the list....
2022-07-25 18:37:44,745 :: Saving Task to toDo_Items.csv
2022-07-25 18:37:46,229 :: Loading tasks into the list....
2022-07-25 18:37:51,854 :: trying again
2022-07-25 18:38:04,906 :: Inserted new task!
2022-07-25 18:43:09,967 :: Loading tasks into the list....
2022-07-25 18:43:16,554 :: Either entered a string character or a comma. Trying again....
2022-07-25 18:43:21,434 :: Inserted new task!
2022-07-25 18:45:37,885 :: Loading tasks into the list....
2022-07-25 18:45:39,761 :: Saving Task to toDo_Items.csv
2022-07-25 18:45:40,873 :: Loading tasks into the list....
2022-07-25 18:45:50,894 :: Inserted new task!
2022-07-25 18:50:42,279 :: Loading tasks into the list....
2022-07-25 18:50:52,905 :: Inserted new task!
2022-07-25 18:50:54,569 :: Saving Task to toDo_Items.csv
2022-07-25 21:20:14,521 :: Loading tasks into the list....
2022-07-25 21:20:28,461 :: Inserted new task!
2022-07-25 21:20:30,433 :: Saving Task to toDo_Items.csv
2022-07-25 21:20:41,442 :: Loading tasks into the list....
2022-07-25 21:21:06,915 :: Inserted new task!
2022-07-25 21:21:08,304 :: Saving Task to toDo_Items.csv
2022-07-25 21:33:20,026 :: Loading tasks into the list....
2022-07-25 21:33:37,928 :: Inserted new task!
2022-07-25 21:33:40,140 :: Saving Task to toDo_Items.csv
2022-07-25 21:34:52,014 :: Loading tasks into the list....
2022-07-25 21:35:47,664 :: Loading tasks into the list....
2022-07-25 21:35:58,250 :: Inserted new task!
2022-07-25 21:36:00,343 :: Saving Task to toDo_Items.csv
2022-07-25 21:36:08,360 :: Loading tasks into the list....
2022-07-25 21:36:24,226 :: Inserted new task!
2022-07-25 21:36:25,649 :: Saving Task to toDo_Items.csv
2022-07-25 21:39:33,787 :: Loading tasks into the list....
2022-07-25 21:39:49,261 :: Inserted new task!
2022-07-25 21:40:11,616 :: Inserted new task!
2022-07-25 21:40:12,450 :: Saving Task to toDo_Items.csv
